TN:
SF:/home/Projeto/docker/dockerWork/Projeto/typebase/src/app.ts
FN:11,(anonymous_1)
FN:17,(anonymous_2)
FNF:2
FNH:2
FNDA:2,(anonymous_1)
FNDA:2,(anonymous_2)
DA:1,2
DA:2,2
DA:3,2
DA:4,2
DA:5,2
DA:9,2
DA:12,2
DA:13,2
DA:14,2
DA:18,2
DA:19,2
DA:20,2
DA:21,2
DA:25,2
LF:14
LH:14
BRF:0
BRH:0
end_of_record
TN:
SF:/home/Projeto/docker/dockerWork/Projeto/typebase/src/app/controllers/session.controller.ts
FN:8,(anonymous_8)
FNF:1
FNH:1
FNDA:4,(anonymous_8)
DA:2,2
DA:4,2
DA:5,2
DA:7,2
DA:9,4
DA:11,4
DA:15,4
DA:17,4
DA:18,2
DA:19,2
DA:22,2
DA:24,2
LF:12
LH:12
BRDA:17,0,0,2
BRDA:17,0,1,2
BRDA:17,1,0,4
BRDA:17,1,1,3
BRF:4
BRH:4
end_of_record
TN:
SF:/home/Projeto/docker/dockerWork/Projeto/typebase/src/app/controllers/user.controller.ts
FN:7,(anonymous_8)
FN:17,(anonymous_10)
FN:33,(anonymous_12)
FN:42,(anonymous_14)
FN:65,(anonymous_16)
FNF:5
FNH:5
FNDA:1,(anonymous_8)
FNDA:2,(anonymous_10)
FNDA:1,(anonymous_12)
FNDA:2,(anonymous_14)
FNDA:2,(anonymous_16)
DA:2,2
DA:3,2
DA:6,2
DA:8,1
DA:14,1
DA:18,2
DA:20,2
DA:24,2
DA:25,1
DA:30,1
DA:34,1
DA:35,1
DA:37,1
DA:39,1
DA:43,2
DA:44,2
DA:45,2
DA:46,2
DA:49,2
DA:55,2
DA:56,2
DA:57,1
DA:62,1
DA:66,2
DA:68,2
DA:73,2
DA:75,2
DA:76,1
DA:81,1
LF:29
LH:29
BRDA:24,0,0,1
BRDA:24,0,1,1
BRDA:45,1,0,2
BRDA:45,1,1,0
BRDA:56,2,0,1
BRDA:56,2,1,1
BRDA:75,3,0,1
BRDA:75,3,1,1
BRF:8
BRH:7
end_of_record
TN:
SF:/home/Projeto/docker/dockerWork/Projeto/typebase/src/app/middlewares/checkJwt.ts
FN:6,(anonymous_8)
FN:6,(anonymous_9)
FNF:2
FNH:2
FNDA:8,(anonymous_8)
FNDA:8,(anonymous_9)
DA:2,2
DA:3,2
DA:4,2
DA:6,8
DA:7,8
DA:8,8
DA:10,8
DA:11,8
DA:12,8
DA:13,8
DA:15,8
DA:16,1
DA:18,7
DA:20,7
DA:22,7
DA:24,1
LF:16
LH:16
BRDA:15,0,0,1
BRDA:15,0,1,7
BRF:2
BRH:2
end_of_record
TN:
SF:/home/Projeto/docker/dockerWork/Projeto/typebase/src/app/middlewares/validation.ts
FN:4,(anonymous_7)
FN:4,(anonymous_8)
FNF:2
FNH:2
FNDA:10,(anonymous_7)
FNDA:10,(anonymous_8)
DA:2,2
DA:4,10
DA:5,10
DA:7,10
DA:8,3
DA:10,7
LF:6
LH:6
BRDA:7,0,0,3
BRDA:7,0,1,7
BRF:2
BRH:2
end_of_record
TN:
SF:/home/Projeto/docker/dockerWork/Projeto/typebase/src/app/models/user.model.ts
FN:83,(anonymous_8)
FN:83,(anonymous_9)
FN:89,(anonymous_10)
FN:93,(anonymous_11)
FNF:4
FNH:4
FNDA:3,(anonymous_8)
FNDA:3,(anonymous_9)
FNDA:3,(anonymous_10)
FNDA:7,(anonymous_11)
DA:1,2
DA:2,2
DA:3,2
DA:4,2
DA:6,2
DA:46,2
DA:83,3
DA:84,3
DA:85,3
DA:89,2
DA:90,3
DA:93,2
DA:94,7
LF:13
LH:13
BRDA:84,0,0,3
BRDA:84,0,1,0
BRF:2
BRH:1
end_of_record
TN:
SF:/home/Projeto/docker/dockerWork/Projeto/typebase/src/app/validations/session.validation.ts
FN:3,(anonymous_0)
FNF:1
FNH:1
FNDA:2,(anonymous_0)
DA:1,2
DA:3,2
DA:4,2
LF:3
LH:3
BRF:0
BRH:0
end_of_record
TN:
SF:/home/Projeto/docker/dockerWork/Projeto/typebase/src/app/validations/user.validation.ts
FN:5,(anonymous_7)
FN:22,(anonymous_8)
FN:23,(anonymous_9)
FN:23,(anonymous_10)
FNF:4
FNH:4
FNDA:2,(anonymous_7)
FNDA:4,(anonymous_8)
FNDA:4,(anonymous_9)
FNDA:4,(anonymous_10)
DA:1,2
DA:2,2
DA:3,2
DA:5,2
DA:6,2
DA:23,4
DA:24,4
DA:25,4
DA:33,4
DA:34,1
DA:37,3
DA:51,2
LF:12
LH:12
BRDA:24,0,0,4
BRDA:24,0,1,2
BRDA:33,1,0,1
BRDA:33,1,1,3
BRF:4
BRH:4
end_of_record
TN:
SF:/home/Projeto/docker/dockerWork/Projeto/typebase/src/config/env.ts
FNF:0
FNH:0
DA:1,2
DA:3,2
DA:5,2
LF:3
LH:3
BRF:0
BRH:0
end_of_record
TN:
SF:/home/Projeto/docker/dockerWork/Projeto/typebase/src/config/routes.ts
FN:10,(anonymous_0)
FN:35,(anonymous_1)
FNF:2
FNH:2
FNDA:2,(anonymous_0)
FNDA:2,(anonymous_1)
DA:1,2
DA:2,2
DA:4,2
DA:5,2
DA:7,2
DA:8,2
DA:10,2
DA:15,2
DA:21,2
DA:27,2
DA:29,2
DA:39,2
DA:40,2
DA:45,2
DA:47,2
DA:49,2
LF:16
LH:16
BRF:0
BRH:0
end_of_record
